2025-04-10 19:59:06 - INFO - o.h.validator.internal.util.Version - HV000001: Hibernate Validator 8.0.2.Final
2025-04-10 19:59:07 - INFO - c.java.HospitalManagementApplication - Starting HospitalManagementApplication using Java 17.0.12 with PID 16676 (D:\STS\sts-workspace-major project\Hospital--Management\target\classes started by jagan in D:\STS\sts-workspace-major project\Hospital--Management)
2025-04-10 19:59:07 - INFO - c.java.HospitalManagementApplication - The following 1 profile is active: "dev"
2025-04-10 19:59:07 - INFO - o.s.b.d.e.DevToolsPropertyDefaultsPostProcessor - Devtools property defaults active! Set 'spring.devtools.add-properties' to 'false' to disable
2025-04-10 19:59:07 - INFO - o.s.b.d.e.DevToolsPropertyDefaultsPostProcessor - For additional web related logging consider setting the 'logging.level.web' property to 'DEBUG'
2025-04-10 19:59:09 - INFO - o.s.d.r.c.RepositoryConfigurationDelegate - Bootstrapping Spring Data JPA repositories in DEFAULT mode.
2025-04-10 19:59:09 - INFO - o.s.d.r.c.RepositoryConfigurationDelegate - Finished Spring Data repository scanning in 125 ms. Found 10 JPA repository interfaces.
2025-04-10 19:59:11 - INFO - o.s.b.w.e.tomcat.TomcatWebServer - Tomcat initialized with port 8989 (http)
2025-04-10 19:59:11 - INFO - o.a.coyote.http11.Http11NioProtocol - Initializing ProtocolHandler ["http-nio-8989"]
2025-04-10 19:59:11 - INFO - o.a.catalina.core.StandardService - Starting service [Tomcat]
2025-04-10 19:59:11 - INFO - o.a.catalina.core.StandardEngine - Starting Servlet engine: [Apache Tomcat/10.1.39]
2025-04-10 19:59:11 - INFO - o.a.c.c.C.[.[localhost].[/api/v1] - Initializing Spring embedded WebApplicationContext
2025-04-10 19:59:11 - INFO - o.s.b.w.s.c.ServletWebServerApplicationContext - Root WebApplicationContext: initialization completed in 4759 ms
2025-04-10 19:59:12 - INFO - o.h.jpa.internal.util.LogHelper - HHH000204: Processing PersistenceUnitInfo [name: default]
2025-04-10 19:59:12 - INFO - org.hibernate.Version - HHH000412: Hibernate ORM core version 6.6.11.Final
2025-04-10 19:59:12 - INFO - o.h.c.i.RegionFactoryInitiator - HHH000026: Second-level cache disabled
2025-04-10 19:59:13 - INFO - o.s.o.j.p.SpringPersistenceUnitInfo - No LoadTimeWeaver setup: ignoring JPA class transformer
2025-04-10 19:59:13 - INFO - com.zaxxer.hikari.HikariDataSource - HikariPool-1 - Starting...
2025-04-10 19:59:13 - INFO - com.zaxxer.hikari.pool.HikariPool - HikariPool-1 - Added connection conn0: url=jdbc:h2:mem:testdb user=ROOT
2025-04-10 19:59:13 - INFO - com.zaxxer.hikari.HikariDataSource - HikariPool-1 - Start completed.
2025-04-10 19:59:13 - WARN - org.hibernate.orm.deprecation - HHH90000025: H2Dialect does not need to be specified explicitly using 'hibernate.dialect' (remove the property setting and it will be selected by default)
2025-04-10 19:59:13 - INFO - o.hibernate.orm.connections.pooling - HHH10001005: Database info:
	Database JDBC URL [Connecting through datasource 'HikariDataSource (HikariPool-1)']
	Database driver: undefined/unknown
	Database version: 2.3.232
	Autocommit mode: undefined/unknown
	Isolation level: undefined/unknown
	Minimum pool size: undefined/unknown
	Maximum pool size: undefined/unknown
2025-04-10 19:59:15 - INFO - o.h.e.t.j.p.i.JtaPlatformInitiator - HHH000489: No JTA platform available (set 'hibernate.transaction.jta.platform' to enable JTA platform integration)
2025-04-10 19:59:15 - INFO - o.s.o.j.LocalContainerEntityManagerFactoryBean - Initialized JPA EntityManagerFactory for persistence unit 'default'
2025-04-10 19:59:16 - INFO - o.s.d.j.r.query.QueryEnhancerFactory - Hibernate is in classpath; If applicable, HQL parser will be used.
2025-04-10 19:59:18 - INFO - c.java.service.impl.StaffServiceImpl - Admin staff created successfully!
2025-04-10 19:59:18 - WARN - o.s.b.a.o.j.JpaBaseConfiguration$JpaWebConfiguration - spring.jpa.open-in-view is enabled by default. Therefore, database queries may be performed during view rendering. Explicitly configure spring.jpa.open-in-view to disable this warning
2025-04-10 19:59:19 - INFO - o.s.s.c.a.a.c.InitializeAuthenticationProviderBeanManagerConfigurer$InitializeAuthenticationProviderManagerConfigurer - Global AuthenticationManager configured with AuthenticationProvider bean with name authenticationProvider
2025-04-10 19:59:19 - WARN - o.s.s.c.a.a.c.InitializeUserDetailsBeanManagerConfigurer$InitializeUserDetailsManagerConfigurer - Global AuthenticationManager configured with an AuthenticationProvider bean. UserDetailsService beans will not be used by Spring Security for automatically configuring username/password login. Consider removing the AuthenticationProvider bean. Alternatively, consider using the UserDetailsService in a manually instantiated DaoAuthenticationProvider. If the current configuration is intentional, to turn off this warning, increase the logging level of 'org.springframework.security.config.annotation.authentication.configuration.InitializeUserDetailsBeanManagerConfigurer' to ERROR
2025-04-10 19:59:20 - INFO - o.s.b.a.h.H2ConsoleAutoConfiguration - H2 console available at '/h2-console'. Database available at 'jdbc:h2:mem:testdb'
2025-04-10 19:59:20 - INFO - o.s.b.d.a.OptionalLiveReloadServer - LiveReload server is running on port 35729
2025-04-10 19:59:20 - INFO - o.a.coyote.http11.Http11NioProtocol - Starting ProtocolHandler ["http-nio-8989"]
2025-04-10 19:59:20 - INFO - o.s.b.w.e.tomcat.TomcatWebServer - Tomcat started on port 8989 (http) with context path '/api/v1'
2025-04-10 19:59:20 - INFO - c.java.HospitalManagementApplication - Started HospitalManagementApplication in 14.133 seconds (process running for 14.642)
2025-04-10 20:26:21 - WARN - com.zaxxer.hikari.pool.HikariPool - HikariPool-1 - Thread starvation or clock leap detected (housekeeper delta=25m7s235ms915µs700ns).
2025-04-10 20:29:00 - INFO - o.a.c.c.C.[.[localhost].[/api/v1] - Initializing Spring DispatcherServlet 'dispatcherServlet'
2025-04-10 20:29:00 - INFO - o.s.web.servlet.DispatcherServlet - Initializing Servlet 'dispatcherServlet'
2025-04-10 20:29:00 - INFO - o.s.web.servlet.DispatcherServlet - Completed initialization in 74 ms
2025-04-10 20:29:04 - INFO - o.s.api.AbstractOpenApiResource - Init duration for springdoc-openapi is: 3195 ms
2025-04-10 20:37:09 - WARN - com.zaxxer.hikari.pool.HikariPool - HikariPool-1 - Thread starvation or clock leap detected (housekeeper delta=1m18s326ms10µs800ns).
